Philo_

Level 1 of the Dungeon
(0, 0, D:1)
  a cursed -4,+1 orcish mace
(34, 1, D:1)
  a +0,+0 club
  a hobgoblin corpse (skeletalised by now)
(-4, 6, D:1)
  a kobold corpse
(25, 7, D:1)
  a +0,+0 elven dagger
(-22, 9, D:1)
  a +0,+1 dagger
  a dart
(-22, 12, D:1)
  a dart
(28, 17, D:1)
  a dart
(38, 30, D:1)
  a cursed +0 pair of elven boots
(-12, 31, D:1)
  a rat corpse (skeletalised by now)
(7, 31, D:1)
  a hobgoblin corpse (skeletalised by now)
(7, 32, D:1)
  a goblin corpse (skeletalised by now)
(15, 37, D:1)
  a -1,+2 orcish dagger
(-23, 43, D:1)
  a +0,+0 elven short sword
(29, 44, D:1)
  12 sling bullets
(-9, 45, D:1)
  a +0,+1 orcish club
  4 darts
  a kobold corpse (skeletalised by now)
(-22, 49, D:1)
  a +0,+0 spear
(29, 51, D:1)
  a +0,+0 dagger
(-2, 52, D:1)
  a +0,+0 dagger
  18 darts
(1, 52, D:1)
  a dart
(32, 52, D:1)
  a rotting giant gecko corpse
(-17, 55, D:1)
  11 darts
(-26, 60, D:1)
  a +0,+0 whip

Level 2 of the Dungeon
(0, 0, D:2)
  a stone
(2, 0, D:2)
  a stone
(3, 0, D:2)
  a stone
(-9, 5, D:2)
  a +0 leather armour
(-9, 6, D:2)
  a potion of poison
(-8, 12, D:2)
  a +2,+4 orcish dagger
  a goblin corpse
(-14, 13, D:2)
  a ball python corpse
(-12, 13, D:2)
  a +0,+0 sling
(-10, 13, D:2)
  7 gold pieces

