Philo_

Level 1 of the Dungeon
(0, 0, D:1)
  17 stones
(17, 1, D:1)
  a +0,+2 dagger
  4 darts
(25, 4, D:1)
  a +0,+0 dagger
(0, 6, D:1)
  a +0 leather armour
(0, 11, D:1)
  2 javelins
(-46, 13, D:1)
  a +0,+0 club
(-45, 14, D:1)
  a -1,+1 orcish club
(16, 19, D:1)
  a +0,+0 dagger
(17, 32, D:1)
  a -1,+0 orcish club
  a +0,+0 orcish club
(-43, 33, D:1)
  a +0,+0 spear
(-26, 33, D:1)
  a +2,+2 dagger
(21, 33, D:1)
  26 arrows
(-24, 34, D:1)
  a -1,+1 orcish dagger
  21 darts
  a +2 elven robe
(1, 34, D:1)
  a meat ration
  a +0,+0 club
(-5, 49, D:1)
  a dart
(13, 53, D:1)
  a +0,+0 short sword

Level 2 of the Dungeon
(8, 2, D:2)
  a +1,+0 elven short sword
(10, 5, D:2)
  20 poisoned needles
(-14, 25, D:2)
  a +0,+0 club
(-10, 26, D:2)
  a +0,+0 club
(20, 26, D:2)
  a +0,+0 dagger
(28, 26, D:2)
  a +0,+0 sabre
(21, 28, D:2)
  a +7,+5 club
  a +2 robe
(7, 29, D:2)
  a +0,+0 club
(27, 29, D:2)
  a +0 shield

Level 3 of the Dungeon
(0, 0, D:3)
  10 arrows of dispersal
(1, 5, D:3)
  a +2 robe
(-22, 6, D:3)
  a +1 leather armour
(-17, 6, D:3)
  a rat corpse (skeletalised by now)
(-18, 10, D:3)
  a +0,+0 club
  a kobold corpse (skeletalised by now)
(-18, 11, D:3)
  a bat corpse (skeletalised by now)
(-18, 13, D:3)
  an adder corpse (skeletalised by now)
(11, 13, D:3)
  a +0,+1 orcish hand axe
(12, 14, D:3)
  a meat ration
(-28, 15, D:3)
  a dart
(0, 16, D:3)
  19 bolts
(-37, 18, D:3)
  10 bolts of frost
(-2, 18, D:3)
  8 arrows
(-5, 21, D:3)
  a -1,+1 orcish club
(-24, 28, D:3)
  a +0,+0 dagger
  a +0 leather armour
  a ball python corpse (skeletalised by now)
(-10, 30, D:3)
  a giant newt corpse (skeletalised by now)
(-5, 34, D:3)
  a +0 robe
(-33, 37, D:3)
  a +0,+0 dagger
  a goblin corpse (skeletalised by now)
  2 darts
(-20, 38, D:3)
  a bat corpse (skeletalised by now)
(-34, 39, D:3)
  21 arrows
(-10, 42, D:3)
  a +2,+0 elven short sword
  3 darts
(-5, 43, D:3)
  5 darts
(9, 46, D:3)
  23 darts

Level 4 of the Dungeon
(0, 0, D:4)
  a +0 robe
(-13, 3, D:4)
  21 stones
(-12, 4, D:4)
  2 scrolls of teleportation
(0, 4, D:4)
  a +1 elven leather armour
(-8, 6, D:4)
  a +0,+0 dagger
  a goblin corpse
(-23, 10, D:4)
  a +0 pair of boots
(-18, 16, D:4)
  a jackal corpse
(-11, 17, D:4)
  17 darts
(-8, 19, D:4)
  a rat corpse
  a +0,+0 dagger
  a kobold corpse
(-8, 20, D:4)
  a +0,+0 club
  a hobgoblin corpse
(-10, 23, D:4)
  a giant cockroach corpse
(-9, 23, D:4)
  a giant cockroach corpse
(-17, 29, D:4)
  an adder corpse
(-8, 41, D:4)
  a potion of curing
(-3, 42, D:4)
  7 gold pieces
(-5, 45, D:4)
  a scroll of remove curse
(-7, 46, D:4)
  a +0 cloak

