Philo_

Level 1 of the Dungeon
(0, 0, D:1)
  19 bolts
(-10, 5, D:1)
  a +0 leather armour
(-29, 11, D:1)
  7 javelins
(-11, 11, D:1)
  a +0 robe
(-11, 16, D:1)
  4 needles of slowing
(-22, 17, D:1)
  a +0,+0 spear
(18, 26, D:1)
  28 darts
(23, 28, D:1)
  a cursed +0,+0 elven dagger
(-3, 37, D:1)
  12 darts
(-7, 38, D:1)
  13 sling bullets
(6, 42, D:1)
  16 arrows
(3, 44, D:1)
  a +0,+0 short sword
(4, 50, D:1)
  a +0 helmet
(7, 55, D:1)
  a dart
(5, 57, D:1)
  a meat ration

Level 2 of the Dungeon
(0, 0, D:2)
  a goblin corpse (skeletalised by now)
(12, 0, D:2)
  a +0,+0 dagger
(-38, 6, D:2)
  17 stones
(12, 10, D:2)
  a +0,+0 orcish club
(-40, 14, D:2)
  an adder corpse (skeletalised by now)
(-38, 16, D:2)
  a jackal corpse (skeletalised by now)
  a jackal corpse (skeletalised by now)
(1, 17, D:2)
  a +0 chain mail
(-7, 26, D:2)
  2 darts
(-6, 26, D:2)
  5 stones
  a bat corpse (skeletalised by now)
(-5, 27, D:2)
  a dart
(-4, 29, D:2)
  5 stones
(-13, 30, D:2)
  a kobold corpse (skeletalised by now)
(-3, 30, D:2)
  a +0,+0 club
(-2, 33, D:2)
  a +0,+0 club
  a +0,+0 sling
  a goblin corpse (skeletalised by now)
(23, 35, D:2)
  a +1,+0 elven sabre
(-28, 42, D:2)
  16 sling bullets
(-16, 43, D:2)
  a +0,+3 dagger

Level 3 of the Dungeon
(0, 0, D:3)
  20 arrows
(-7, 2, D:3)
  a rotting goblin corpse
(-4, 2, D:3)
  a rat corpse
(14, 2, D:3)
  a +0 leather armour
(-26, 5, D:3)
  10 gold pieces
(12, 5, D:3)
  a +0,+0 club
  a kobold corpse
(-32, 8, D:3)
  a +0,+0 club
  a goblin corpse (rotten by now)
(-14, 8, D:3)
  a kobold corpse
(-17, 13, D:3)
  a dart
(-1, 13, D:3)
  a +0 scale mail
(4, 14, D:3)
  an adder corpse
(16, 15, D:3)
  a dart
(19, 15, D:3)
  16 arrows of flame
(2, 16, D:3)
  an adder corpse
(-19, 20, D:3)
  a rotting goblin corpse
(5, 21, D:3)
  a kobold corpse
(9, 26, D:3)
  a cursed +0,-1 club
  a hobgoblin corpse
(5, 27, D:3)
  a giant gecko corpse
(-26, 32, D:3)
  a giant gecko corpse (rotten by now)
(-25, 33, D:3)
  an adder corpse (rotten by now)

