Philo_

Level 1 of the Dungeon
(0, 0, D:1)
  a cursed -3,-3 sling
(-11, 10, D:1)
  18 poisoned needles
(8, 10, D:1)
  a -1,+1 orcish club
(26, 10, D:1)
  a +0 leather armour
(51, 13, D:1)
  11 stones
(-5, 14, D:1)
  26 bolts
(12, 17, D:1)
  a +0,+0 short sword
  a dart
(-17, 20, D:1)
  a +0 robe
(-12, 24, D:1)
  a +1 leather armour
(16, 24, D:1)
  a meat ration
(47, 29, D:1)
  a +0 leather armour
(23, 56, D:1)
  10 sling bullets
(31, 56, D:1)
  a dart
(44, 56, D:1)
  a +0,+0 orcish club

Level 2 of the Dungeon
(0, 0, D:2)
  a +0,+0 dagger
  a poisoned dart
(4, 0, D:2)
  a poisoned dart
(8, 0, D:2)
  3 poisoned darts
(44, 2, D:2)
  a +0 robe
(59, 8, D:2)
  5 darts
(40, 14, D:2)
  14 darts

Level 3 of the Dungeon
(0, 0, D:3)
  23 darts
(4, 9, D:3)
  a +0,+0 whip
  3 steel darts
(10, 15, D:3)
  a +2,+2 dagger
(23, 17, D:3)
  a +0 pair of boots
(34, 21, D:3)
  3 darts
(33, 22, D:3)
  a +0,+0 orcish club
  a goblin corpse (skeletalised by now)
(34, 24, D:3)
  a dart
(-8, 25, D:3)
  a +0,+0 orcish dagger
(25, 33, D:3)
  a +0,+1 whip
(-11, 37, D:3)
  a +0,+0 hand axe
(-12, 41, D:3)
  a dart
(5, 45, D:3)
  a meat ration
(-10, 50, D:3)
  a dart
(20, 51, D:3)
  a quokka corpse (skeletalised by now)
(-18, 53, D:3)
  a +0 animal skin

Level 4 of the Dungeon
(0, 0, D:4)
  a +0,+0 hand axe
(-23, 3, D:4)
  a rotting hound corpse
(1, 4, D:4)
  a +0,+0 club
  a goblin corpse (rotten by now)
(-2, 6, D:4)
  18 poisoned needles
(5, 8, D:4)
  a -1,+2 orcish dagger
(-1, 9, D:4)
  a +0 leather armour
(-6, 12, D:4)
  17 darts
(-20, 19, D:4)
  an orc corpse
(-18, 24, D:4)
  a potion of poison
(-5, 30, D:4)
  a scroll of random uselessness

