Philo_

Level 1 of the Dungeon
(0, 0, D:1)
  a +0,+0 dagger
(-57, 1, D:1)
  an exploding dart
(-12, 2, D:1)
  14 poisoned needles
(-13, 9, D:1)
  a +0,+0 spear
(-13, 10, D:1)
  a cursed +0,-1 club
(-46, 23, D:1)
  a +0,+0 mace
(-57, 25, D:1)
  25 stones
(-5, 25, D:1)
  a +2,+2 spear
(-25, 32, D:1)
  a +0 splint mail
(-26, 39, D:1)
  a +0,+0 orcish club
(-26, 44, D:1)
  a +0,+0 spear
(3, 47, D:1)
  a +1,+1 dwarven short sword
  5 steel darts
(4, 47, D:1)
  a +2 robe of cold resistance
(-34, 52, D:1)
  9 poisoned needles
(-25, 53, D:1)
  2 darts

Level 2 of the Dungeon
(0, 0, D:2)
  a +0,+0 sling
(0, 1, D:2)
  a +0 leather armour
(10, 14, D:2)
  a -1,+1 orcish club
(-36, 15, D:2)
  22 stones
(-41, 19, D:2)
  a +2,+1 short sword of speed
  a kobold corpse (skeletalised by now)
(-47, 20, D:2)
  7 poisoned needles
(-2, 21, D:2)
  a stone
(-37, 23, D:2)
  a +0 helmet
(-32, 23, D:2)
  a cursed -1,-2 mace
(-3, 23, D:2)
  a +0,+0 sling
  a +0,+0 dagger
  26 stones
(-2, 26, D:2)
  a +1,+1 dwarven dagger
  a +0 robe
(-2, 27, D:2)
  a dart
(2, 31, D:2)
  a +0 robe
(13, 43, D:2)
  a +1,+1 dagger
(6, 51, D:2)
  26 darts
(8, 51, D:2)
  11 bolts

Level 3 of the Dungeon
(0, 0, D:3)
  a +0,+0 whip
  a kobold corpse
(10, 2, D:3)
  a rat corpse
(34, 4, D:3)
  a +0 ring mail
(-4, 5, D:3)
  a cursed -1,-3 whip
(37, 5, D:3)
  a +0,+0 club
(24, 7, D:3)
  17 bolts of frost
(37, 7, D:3)
  a +0,+1 dagger of freezing
  a dart
(21, 12, D:3)
  a worm corpse
  a rat corpse
(38, 12, D:3)
  a giant newt corpse (rotten by now)
  a dart
(-1, 13, D:3)
  a goblin corpse
(5, 15, D:3)
  an arrow
(9, 15, D:3)
  23 arrows
(-3, 16, D:3)
  a +0,+0 club
(4, 16, D:3)
  an arrow
(12, 16, D:3)
  a +0,+0 club
  a hobgoblin corpse
(48, 17, D:3)
  a +0,+1 orcish flail
  an orc corpse (rotten by now)
(3, 18, D:3)
  a potion of levitation
(40, 19, D:3)
  27 arrows
(51, 19, D:3)
  a +2 leather armour
(39, 20, D:3)
  3 darts
(-3, 22, D:3)
  a +0,+0 club
  a hobgoblin corpse
(49, 22, D:3)
  a dart of frost
(35, 23, D:3)
  13 steel darts
(-2, 28, D:3)
  16 silver sling bullets
(50, 28, D:3)
  a cursed -1,-2 elven dagger
(-6, 30, D:3)
  a cursed +0 animal skin
(27, 38, D:3)
  a +0 pair of gloves
(52, 40, D:3)
  a dart

