Philo_

Level 1 of the Dungeon
(0, 0, D:1)
  2 darts
(5, 0, D:1)
  a dart
(6, 0, D:1)
  a dart
(18, 4, D:1)
  a +0,+0 hand axe
(-5, 5, D:1)
  a cursed -2 leather armour
(-20, 7, D:1)
  a +0,+0 orcish club
(-18, 12, D:1)
  a +0,+0 club
(-9, 21, D:1)
  a rat corpse (skeletalised by now)
(-9, 23, D:1)
  a +0,+2 orcish dagger
(8, 23, D:1)
  a cursed -1,-1 club
  a hobgoblin corpse (skeletalised by now)
(8, 24, D:1)
  a -1,+1 orcish club
  a dart
(38, 28, D:1)
  a dart
(4, 30, D:1)
  a ball python corpse (skeletalised by now)
  a +2,+1 dagger of draining
  a kobold corpse (skeletalised by now)
(11, 30, D:1)
  a +0,+0 orcish dagger
(30, 35, D:1)
  a +0,+0 dagger
(20, 36, D:1)
  a dart
(-18, 41, D:1)
  a rat corpse (skeletalised by now)

Level 2 of the Dungeon
(3, 1, D:2)
  a scroll of noise
(-3, 3, D:2)
  a +2,+1 anti-magic short sword
(10, 8, D:2)
  a rat corpse (rotten by now)
(-15, 16, D:2)
  22 darts
(11, 41, D:2)
  a cursed +0 robe

Level 3 of the Dungeon
(0, 0, D:3)
  a +0 ring mail

Level 4 of the Dungeon
(0, 0, D:4)
  a -1,+1 orcish club
(-8, 21, D:4)
  a +0 robe
(-6, 26, D:4)
  a +1,+0 dwarven war axe
(-3, 33, D:4)
  a dart

